<?xml version="1.0" encoding="UTF-8"?>
<testng-results skipped="0" failed="0" ignored="0" total="1" passed="1">
  <reporter-output>
  </reporter-output>
  <suite name="Default suite" duration-ms="20289" started-at="2020-01-31T09:39:51 IST" finished-at="2020-01-31T09:40:11 IST">
    <groups>
    </groups>
    <test name="Default test" duration-ms="20289" started-at="2020-01-31T09:39:51 IST" finished-at="2020-01-31T09:40:11 IST">
      <class name="com.training.sanity.tests.FilterCustomerListTest">
        <test-method status="PASS" signature="setUpBeforeClass()[pri:0, instance:com.training.sanity.tests.FilterCustomerListTest@6321e813]" name="setUpBeforeClass" is-config="true" duration-ms="12837" started-at="2020-01-31T09:39:51 IST" finished-at="2020-01-31T09:40:04 IST">
          <reporter-output>
          </reporter-output>
        </test-method> <!-- setUpBeforeClass -->
        <test-method status="PASS" signature="filterCustomerOrder()[pri:0, instance:com.training.sanity.tests.FilterCustomerListTest@6321e813]" name="filterCustomerOrder" duration-ms="5558" started-at="2020-01-31T09:40:04 IST" finished-at="2020-01-31T09:40:09 IST">
          <reporter-output>
          </reporter-output>
        </test-method> <!-- filterCustomerOrder -->
        <test-method status="PASS" signature="tearDown()[pri:0, instance:com.training.sanity.tests.FilterCustomerListTest@6321e813]" name="tearDown" is-config="true" duration-ms="1812" started-at="2020-01-31T09:40:09 IST" finished-at="2020-01-31T09:40:11 IST">
          <reporter-output>
          </reporter-output>
        </test-method> <!-- tearDown -->
      </class> <!-- com.training.sanity.tests.FilterCustomerListTest -->
    </test> <!-- Default test -->
  </suite> <!-- Default suite -->
</testng-results>
